Build started 16.03.2016 1:10:11.
     1>Project "F:\Git Projects\Lab6_HierarchyList\main\main.vcxproj" on node 2 (Rebuild target(s)).
     1>ClCompile:
         F:\VS 2013\VC\bin\CL.exe /c /ZI /nologo /W3 /WX- /sdl /Od /Oy- /D WIN32 /D _DEBUG /D _CONSOLE /D _LIB /D _UNICODE /D UNICODE /Gm /EHsc /RTC1 /MDd /GS /fp:precise /Zc:wchar_t /Zc:forScope /Fo"Debug\\" /Fd"Debug\vc120.pdb" /Gd /TP /analyze- /errorReport:prompt main.cpp
         main.cpp
     1>f:\git projects\lab6_hierarchylist\main\tlink.h(88): error C2027: use of undefined type 'TText'
                 f:\git projects\lab6_hierarchylist\main\tlink.h(12) : see declaration of 'TText'
     1>f:\git projects\lab6_hierarchylist\main\tlink.h(88): error C2228: left of '.Reset' must have class/struct/union
                 f:\git projects\lab6_hierarchylist\main\tlink.h(12) : see declaration of 'TText'
     1>f:\git projects\lab6_hierarchylist\main\tlink.h(88): error C2228: left of '.IsEnd' must have class/struct/union
                 f:\git projects\lab6_hierarchylist\main\tlink.h(12) : see declaration of 'TText'
     1>f:\git projects\lab6_hierarchylist\main\tlink.h(88): error C2228: left of '.GoNext' must have class/struct/union
     1>f:\git projects\lab6_hierarchylist\main\tlink.h(91): error C2027: use of undefined type 'TText'
                 f:\git projects\lab6_hierarchylist\main\tlink.h(12) : see declaration of 'TText'
     1>f:\git projects\lab6_hierarchylist\main\tlink.h(91): error C2228: left of '.GetLine' must have class/struct/union
     1>f:\git projects\lab6_hierarchylist\main\tlink.h(92): error C2027: use of undefined type 'TText'
                 f:\git projects\lab6_hierarchylist\main\tlink.h(12) : see declaration of 'TText'
     1>f:\git projects\lab6_hierarchylist\main\tlink.h(92): error C2228: left of '.SetLine' must have class/struct/union
     1>f:\git projects\lab6_hierarchylist\main\main.cpp(92): warning C4551: function call missing argument list
     1>Done Building Project "F:\Git Projects\Lab6_HierarchyList\main\main.vcxproj" (Rebuild target(s)) -- FAILED.

Build FAILED.

Time Elapsed 00:00:00.78
